This is pdfTeX, Version 3.141592653-2.6-1.40.24 (MiKTeX 22.7) (preloaded format=pdflatex 2022.10.15)  22 OCT 2022 17:15
entering extended mode
 restricted \write18 enabled.
 %&-line parsing enabled.
**E:/Users/Gamer99/Documents/mirrorshades/main.tex
(E:/Users/Gamer99/Documents/mirrorshades/main.tex
LaTeX2e <2022-06-01> patch level 5
L3 programming layer <2022-07-04>
(C:\Users\Gamer99\AppData\Local\Programs\MiKTeX\tex/latex/memoir\memoir.cls
Document Class: memoir 2022/07/29 v3.7r configurable book, report, article docu
ment class

(C:\Users\Gamer99\AppData\Local\Programs\MiKTeX\tex/latex/etoolbox\etoolbox.sty
Package: etoolbox 2020/10/05 v2.5k e-TeX tools for LaTeX (JAW)
\etb@tempcnta=\count185
)
\onelineskip=\skip47
\lxvchars=\skip48
\xlvchars=\skip49
\@memcnta=\count186
\c@@memmarkcntra=\count187
 (C:\Users\Gamer99\AppData\Local\Programs\MiKTeX\tex/generic/iftex\iftex.sty
Package: iftex 2022/02/03 v1.0f TeX engine tests
)
\stockheight=\skip50
\stockwidth=\skip51
\trimtop=\skip52
\trimedge=\skip53

(C:\Users\Gamer99\AppData\Local\Programs\MiKTeX\tex/latex/memoir\mem10.clo
File: mem10.clo 2022/07/29 v0.5 memoir class 10pt size option
)
\binding=\skip54
\spinemargin=\skip55
\foremargin=\skip56
\uppermargin=\skip57
\lowermargin=\skip58
\headdrop=\skip59
\normalrulethickness=\skip60
\mem@maxheadheight=\skip61
\mem@maxfootheight=\skip62
\headwidth=\skip63
\c@storedpagenumber=\count188
\memPD=\dimen138
\m@mabparskip=\skip64
\thanksmarkwidth=\skip65
\thanksmarksep=\skip66
\droptitle=\skip67
\c@book=\count189
\c@part=\count190
\c@chapter=\count191
\c@section=\count192
\c@subsection=\count193
\c@subsubsection=\count194
\c@paragraph=\count195
\c@subparagraph=\count196
\beforechapskip=\skip68
\midchapskip=\skip69
\afterchapskip=\skip70
\chapindent=\skip71
\bottomsectionskip=\skip72
\secindent=\skip73
\beforesecskip=\skip74
\aftersecskip=\skip75
\subsecindent=\skip76
\beforesubsecskip=\skip77
\aftersubsecskip=\skip78
\subsubsecindent=\skip79
\beforesubsubsecskip=\skip80
\aftersubsubsecskip=\skip81
\paraindent=\skip82
\beforeparaskip=\skip83
\afterparaskip=\skip84
\subparaindent=\skip85
\beforesubparaskip=\skip86
\aftersubparaskip=\skip87
\pfbreakskip=\skip88
\c@@ppsavesec=\count197
\c@@ppsaveapp=\count198
\ragrparindent=\dimen139
\everylistparindent=\dimen140
\parsepi=\skip89
\topsepi=\skip90
\itemsepi=\skip91
\parsepii=\skip92
\topsepii=\skip93
\topsepiii=\skip94
\itemsepii=\skip95
\itemsepiii=\skip96
\partopsepii=\skip97
\partopsepiii=\skip98
\m@msavetopsep=\skip99
\m@msavepartopsep=\skip100
\@enLab=\toks16
\abstitleskip=\skip101
\absleftindent=\skip102
\abs@leftindent=\dimen141
\absrightindent=\skip103
\absparindent=\skip104
\absparsep=\skip105
\c@vslineno=\count199
\c@poemline=\count266
\c@modulo@vs=\count267
\c@memfvsline=\count268
\vleftskip=\skip106
\vrightskip=\skip107
\stanzaskip=\skip108
\versewidth=\skip109
\vgap=\skip110
\vindent=\skip111
\vleftmargin=\dimen142
\c@verse=\count269
\c@chrsinstr=\count270
\beforepoemtitleskip=\skip112
\afterpoemtitleskip=\skip113
\c@poem=\count271
\beforePoemTitleskip=\skip114
\midPoemTitleskip=\skip115
\afterPoemTitleskip=\skip116

(C:\Users\Gamer99\AppData\Local\Programs\MiKTeX\tex/latex/tools\array.sty
Package: array 2021/10/04 v2.5f Tabular extension package (FMi)
\col@sep=\dimen143
\ar@mcellbox=\box51
\extrarowheight=\dimen144
\NC@list=\toks17
\extratabsurround=\skip117
\backup@length=\skip118
\ar@cellbox=\box52
)
(C:\Users\Gamer99\AppData\Local\Programs\MiKTeX\tex/latex/tools\dcolumn.sty
Package: dcolumn 2014/10/28 v1.06 decimal alignment package (DPC)
)
(C:\Users\Gamer99\AppData\Local\Programs\MiKTeX\tex/latex/tools\delarray.sty
Package: delarray 2014/10/28 v1.01 array delimiter package (DPC)
)
(C:\Users\Gamer99\AppData\Local\Programs\MiKTeX\tex/latex/tools\tabularx.sty
Package: tabularx 2020/01/15 v2.11c `tabularx' package (DPC)
\TX@col@width=\dimen145
\TX@old@table=\dimen146
\TX@old@col=\dimen147
\TX@target=\dimen148
\TX@delta=\dimen149
\TX@cols=\count272
\TX@ftn=\toks18
)
\heavyrulewidth=\dimen150
\lightrulewidth=\dimen151
\cmidrulewidth=\dimen152
\belowrulesep=\dimen153
\belowbottomsep=\dimen154
\aboverulesep=\dimen155
\abovetopsep=\dimen156
\cmidrulesep=\dimen157
\cmidrulekern=\dimen158
\defaultaddspace=\dimen159
\@cmidla=\count273
\@cmidlb=\count274
\@aboverulesep=\dimen160
\@belowrulesep=\dimen161
\@thisruleclass=\count275
\@lastruleclass=\count276
\@thisrulewidth=\dimen162
\ctableftskip=\skip119
\ctabrightskip=\skip120
\abovecolumnspenalty=\count277
\@linestogo=\count278
\@cellstogo=\count279
\@cellsincolumn=\count280
\crtok=\toks19
\@mincolumnwidth=\dimen163
\c@newflo@tctr=\count281
\mem@margin@floatbox=\box53
\@contcwidth=\skip121
\@contindw=\skip122
\abovecaptionskip=\skip123
\belowcaptionskip=\skip124
\subfloattopskip=\skip125
\subfloatcapskip=\skip126
\subfloatcaptopadj=\skip127
\subfloatbottomskip=\skip128
\subfloatlabelskip=\skip129
\subfloatcapmargin=\dimen164
\c@@contsubnum=\count282
\m@mscap@capbox=\box54
\m@mscap@fbox=\box55
\sidecapsep=\dimen165
\sidecapwidth=\dimen166
\m@m@tempdima=\dimen167
\m@mscapraise=\dimen168
\sidecapraise=\dimen169
\m@mscapmainwidth=\dimen170
\m@mscaplkern=\dimen171
\beforeepigraphskip=\skip130
\afterepigraphskip=\skip131
\epigraphwidth=\skip132
\epigraphrule=\skip133
LaTeX Info: Redefining \em on input line 7655.
LaTeX Info: Redefining \emph on input line 7663.
\tocentryskip=\skip134
\tocbaseline=\skip135
\cftparskip=\skip136
\cftbeforebookskip=\skip137
\cftbookindent=\dimen172
\cftbooknumwidth=\dimen173
\cftbeforepartskip=\skip138
\cftpartindent=\skip139
\cftpartnumwidth=\skip140
\cftbeforechapterskip=\skip141
\cftchapterindent=\skip142
\cftchapternumwidth=\skip143
\cftbeforesectionskip=\skip144
\cftsectionindent=\skip145
\cftsectionnumwidth=\skip146
\cftbeforesubsectionskip=\skip147
\cftsubsectionindent=\skip148
\cftsubsectionnumwidth=\skip149
\cftbeforesubsubsectionskip=\skip150
\cftsubsubsectionindent=\skip151
\cftsubsubsectionnumwidth=\skip152
\cftbeforeparagraphskip=\skip153
\cftparagraphindent=\skip154
\cftparagraphnumwidth=\skip155
\cftbeforesubparagraphskip=\skip156
\cftsubparagraphindent=\skip157
\cftsubparagraphnumwidth=\skip158
\prechapterprecisshift=\dimen174
\c@maxsecnumdepth=\count283
\bibindent=\dimen175
\bibitemsep=\skip159
\indexcolsep=\skip160
\indexrule=\skip161
\indexmarkstyle=\toks20
\@indexbox=\insert252
\glossarycolsep=\dimen176
\glossaryrule=\dimen177
\sideparvshift=\skip162
\sideins=\insert251
\sidebartopsep=\skip163
\sidebarhsep=\skip164
\sidebarvsep=\skip165
\sidebarwidth=\skip166
\footmarkwidth=\skip167
\footmarksep=\skip168
\footparindent=\skip169
\footinsdim=\skip170
\footinsv@r=\insert250
\@mpfootinsv@r=\insert249
\m@m@k=\count284
\m@m@h=\dimen178
\m@mipn@skip=\skip171
\sidefootins=\insert248
\sidefootadjust=\skip172
\sidefootheight=\skip173
\sidefoothsep=\skip174
\sidefootvsep=\skip175
\sidefootwidth=\skip176
\m@mdownsf=\skip177
\c@sidefootnote=\count285
\sidefootmarkwidth=\skip178
\sidefootmarksep=\skip179
\sidefootparindent=\skip180
\c@pagenote=\count286
\c@pagenoteshadow=\count287
\mem@pn@lastkern=\skip181
\every@verbatim=\toks21
\afterevery@verbatim=\toks22
\verbatim@line=\toks23
\tab@position=\count288
\verbatim@in@stream=\read2
\verbatimindent=\skip182
\verbatim@out=\write3
\bvboxsep=\skip183
\c@memfbvline=\count289
\c@bvlinectr=\count290
\bvnumlength=\skip184
\fb@frw=\dimen179
\fb@frh=\dimen180
\FrameRule=\dimen181
\FrameSep=\dimen182
\c@cp@cntr=\count291
\c@ism@mctr=\count292
\c@xsm@mctr=\count293
\c@csm@mctr=\count294
\c@ksm@mctr=\count295
\c@xksm@mctr=\count296
\c@cksm@mctr=\count297
\c@msm@mctr=\count298
\c@xmsm@mctr=\count299
\c@cmsm@mctr=\count300
\c@bsm@mctr=\count301
\c@workm@mctr=\count302
\c@sheetsequence=\count303
\c@lastsheet=\count304
\c@lastpage=\count305

(C:\Users\Gamer99\AppData\Local\Programs\MiKTeX\tex/latex/textcase\textcase.sty
Package: textcase 2022/07/10 v1.03 Text only upper/lower case changing (DPC)
Package textcase Info: Defining Legacy names on input line 20.
)
\c@figure=\count306
\c@lofdepth=\count307
\cftbeforefigureskip=\skip185
\cftfigureindent=\skip186
\cftfigurenumwidth=\skip187
\c@table=\count308
\c@lotdepth=\count309
\cftbeforetableskip=\skip188
\cfttableindent=\skip189
\cfttablenumwidth=\skip190
Package abstract [2008/07/23] emulated by memoir.
Package appendix [2008/07/23] emulated by memoir.
Package booktabs [2016/05/16] emulated by memoir.
Package ccaption [2008/07/23] emulated by memoir.
Package changepage [2008/07/23] emulated by memoir.
Package chngcntr [2008/07/23] emulated by memoir.
Package chngpage [2008/07/23] emulated by memoir.
Package crop emulated by memoir.
Package enumerate [2008/07/23] emulated by memoir.
Package epigraph [2008/07/23] emulated by memoir.
Package ifmtarg [2008/07/23] emulated by memoir.
Package index [2008/07/23] emulated by memoir.
Package makeidx [2008/07/23] emulated by memoir.
Package moreverb [2008/07/23] emulated by memoir.
Package needspace [2008/07/23] emulated by memoir.
Package newfile [2008/07/23] emulated by memoir.
Package nextpage [2008/07/23] emulated by memoir.
Package pagenote [2008/07/23] emulated by memoir.
Package parskip [2008/07/23] emulated by memoir.
Package patchcmd [2008/07/23] emulated by memoir.
Package setspace [2008/07/23] emulated by memoir.
Package shortvrb [2008/07/23] emulated by memoir.
Package showidx [2008/07/23] emulated by memoir.
Package titleref [2008/07/23] emulated by memoir.
Package titling [2008/07/23] emulated by memoir.
Package tocbibind [2008/07/23] emulated by memoir.
Package tocloft [2008/07/23] emulated by memoir.
Package tocvsec2 [2008/07/23] emulated by memoir.
Package verbatim [2008/07/23] emulated by memoir.
Package verse [2008/07/23] emulated by memoir.
) (style.sty
(C:\Users\Gamer99\AppData\Local\Programs\MiKTeX\tex/latex/base\inputenc.sty
Package: inputenc 2021/02/14 v1.3d Input encoding file
\inpenc@prehook=\toks24
\inpenc@posthook=\toks25
))
(C:\Users\Gamer99\AppData\Local\Programs\MiKTeX\tex/latex/l3backend\l3backend-p
dftex.def
File: l3backend-pdftex.def 2022-07-01 L3 backend support: PDF output (pdfTeX)
\l__color_backend_stack_int=\count310
\l__pdf_internal_box=\box56
) (main.aux (acknowledgements.aux) (preface.aux)
(the_gernsbach_continuum.aux) (snake-eyes.aux) (rock_on.aux)
(tales_of_houdini.aux) (400_boys.aux) (solstice.aux) (petra.aux)
(till_human_voices_wake_us.aux) (freezone.aux) (stone_lives.aux)
(red_star_winter_orbit.aux) (mozart_in_mirrorshades.aux)
(freezone_(original).aux))
\openout1 = `main.aux'.

LaTeX Font Info:    Checking defaults for OML/cmm/m/it on input line 8.
LaTeX Font Info:    ... okay on input line 8.
LaTeX Font Info:    Checking defaults for OMS/cmsy/m/n on input line 8.
LaTeX Font Info:    ... okay on input line 8.
LaTeX Font Info:    Checking defaults for OT1/cmr/m/n on input line 8.
LaTeX Font Info:    ... okay on input line 8.
LaTeX Font Info:    Checking defaults for T1/cmr/m/n on input line 8.
LaTeX Font Info:    ... okay on input line 8.
LaTeX Font Info:    Checking defaults for TS1/cmr/m/n on input line 8.
LaTeX Font Info:    ... okay on input line 8.
LaTeX Font Info:    Checking defaults for OMX/cmex/m/n on input line 8.
LaTeX Font Info:    ... okay on input line 8.
LaTeX Font Info:    Checking defaults for U/cmr/m/n on input line 8.
LaTeX Font Info:    ... okay on input line 8.
LaTeX Font Info:    External font `cmex10' loaded for size
(Font)              <10.95> on input line 10.
LaTeX Font Info:    External font `cmex10' loaded for size
(Font)              <8> on input line 10.
LaTeX Font Info:    External font `cmex10' loaded for size
(Font)              <6> on input line 10.
 [1

{C:/Users/Gamer99/AppData/Local/MiKTeX/fonts/map/pdftex/pdftex.map}] [2

] (main.toc
LaTeX Font Info:    External font `cmex10' loaded for size
(Font)              <7> on input line 1.
LaTeX Font Info:    External font `cmex10' loaded for size
(Font)              <5> on input line 1.

Overfull \hbox (1.74986pt too wide) detected at line 11
 \OT1/cmr/bx/n/10 103
 []


Overfull \hbox (1.74986pt too wide) detected at line 12
 \OT1/cmr/bx/n/10 159
 []


Overfull \hbox (1.74986pt too wide) detected at line 13
 \OT1/cmr/bx/n/10 177
 []


Overfull \hbox (1.74986pt too wide) detected at line 14
 \OT1/cmr/bx/n/10 193
 []


Overfull \hbox (1.74986pt too wide) detected at line 15
 \OT1/cmr/bx/n/10 205
 []

) [1]
\openout2 = `acknowledgements.aux'.

 (acknowledgements.tex [2


])
Underfull \vbox (badness 10000) has occurred while \output is active []

 [3]
[4]
\openout2 = `preface.aux'.

 (preface.tex [5




]
Overfull \hbox (1.9774pt too wide) in paragraph at lines 31--32
[]\OT1/cmr/m/n/10 These proto-cyberpunks were briefly dubbed the Mir-ror-shades
 Group. Thus,
 []

[6] [7] [8] [9]) [10]
\openout2 = `the_gernsbach_continuum.aux'.

 (the_gernsbach_continuum.tex [1





] [2] [3] [4] [5] [6]
[7]) [8]
\openout2 = `snake-eyes.aux'.

 (snake-eyes.tex [9




] [10] [11] [12] [13] [14] [15] [16]
Overfull \hbox (4.30617pt too wide) in paragraph at lines 197--198
\OT1/cmr/m/n/10 guided, hang-your-ass-out-over-the-endless-night extra-station 
ac-tiv-ity He edged
 []

[17] [18] [19] [20] [21]) [22]
\openout2 = `rock_on.aux'.

 (rock_on.tex [23




] [24] [25] [26] [27] [28])
[29]
\openout2 = `tales_of_houdini.aux'.

 (tales_of_houdini.tex [30




] [31] [32] [33] [34]) [35]
\openout2 = `400_boys.aux'.

 (400_boys.tex
[36




]
Underfull \vbox (badness 1067) has occurred while \output is active []

 [37]
[38] [39] [40] [41] [42] [43] [44] [45] [46] [47]) [48]
\openout2 = `solstice.aux'.

 (solstice.tex [49




]
[50] [51] [52] [53] [54] [55] [56]
Overfull \hbox (4.97287pt too wide) in paragraph at lines 226--227
[]\OT1/cmr/m/n/10 Wynne poured a volatile stim-u-lant called Bliss into a brand
y snifter, breathed
 []

[57] [58] [59] [60] [61] [62] [63] [64] [65] [66] [67] [68] [69] [70] [71]
[72] [73] [74] [75]) [76]
\openout2 = `petra.aux'.

 (petra.tex [77




] [78] [79] [80] [81] [82] [83]
[84] [85] [86] [87] [88] [89] [90]) [91]
\openout2 = `till_human_voices_wake_us.aux'.

 (till_human_voices_wake_us.tex
[92




] [93] [94] [95] [96] [97] [98] [99] [100] [101]) [102]
\openout2 = `freezone.aux'.

 (freezone.tex
[103




] [104] [105] [106] [107] [108]
Overfull \hbox (4.30608pt too wide) in paragraph at lines 130--131
[]\OT1/cmr/m/n/10 And he could imag-ine the sweet burn of the stuff in his nos-
trils, the backward-
 []

[109] [110] [111]
Overfull \hbox (39.71361pt too wide) in paragraph at lines 220--221
[]\OT1/cmr/m/n/10 ``Not a great deal in slices of time. But lots of it in small
, reg-u-lar pulses...Worldtalk'll
 []

[112] [113] [114] [115] [116] [117] [118] [119] [120] [121] [122] [123]
[124] [125] [126] [127] [128] [129] [130] [131] [132] [133] [134] [135]
[136] [137] [138] [139] [140] [141] [142]
Overfull \hbox (1.83395pt too wide) in paragraph at lines 1032--1033
[]\OT1/cmr/m/n/10 And then he'd col-lapsed, in Ad-min Cen-tral Com-mand, af-ter
 spend-ing twenty
 []

[143]
Overfull \hbox (8.88951pt too wide) in paragraph at lines 1046--1047
[]\OT1/cmr/m/n/10 ``When peo-ple get ex-cited,'' Praeger said calmly, ``they te
nd to for-get common-
 []

[144] [145] [146] [147]
Overfull \hbox (3.65805pt too wide) in paragraph at lines 1132--1133
\OT1/cmr/m/n/10 could af-ford the trip. The tourists were mostly Japanese, Cana
-dian, Brazilians---
 []

[148] [149] [150] [151]
Overfull \hbox (4.44022pt too wide) in paragraph at lines 1256--1257
\OT1/cmr/m/it/10 Fuck...you...if...you...don't...like...it...Fuck...you...if\OT
1/cmr/m/n/10 ---and they'd have
 []

[152] [153] [154] [155] [156]) [157]
\openout2 = `stone_lives.aux'.

 (stone_lives.tex [158




] [159] [160]
[161] [162] [163] [164] [165] [166] [167] [168] [169] [170] [171] [172]
[173] [174] [175]) [176]
\openout2 = `red_star_winter_orbit.aux'.

 (red_star_winter_orbit.tex [177




]
Overfull \hbox (0.25066pt too wide) in paragraph at lines 34--35
[]\OT1/cmr/m/n/10 `We de-cided you should have it, Colonel,' Ro-ma-nenko said, 
grin-ning broadly.
 []

[178] [179]
Overfull \hbox (8.73209pt too wide) in paragraph at lines 70--71
[]\OT1/cmr/m/n/10 `Pinhead leak-age in Delta Three.' He frowned. `Do you un-der
-stand Japanese?'
 []


Overfull \hbox (64.15013pt too wide) in paragraph at lines 78--79
\OT1/cmr/m/n/10 Japanese an-nouncer: AMER-I-CAN DIS-AR-MA-MENT GROUP CLAIMS...P
REPARATIONS
 []


Overfull \hbox (22.18839pt too wide) in paragraph at lines 78--79
\OT1/cmr/m/n/10 AT BAIKONUR COS-MOD-ROME...PROVE RUS-SIANS AT LAST READY...TO
 []


Overfull \hbox (33.64452pt too wide) in paragraph at lines 82--83
[]\OT1/cmr/m/n/10 BUILT AT TURN OF CEN-TURY AS BRIDGE-HEAD TO SPACE...AMBITIOUS

 []


Overfull \hbox (5.17665pt too wide) in paragraph at lines 86--87
[]\OT1/cmr/m/n/10 STAGGERING SO-VIET TRADE DEFICITS...POPULAR DIS-CON-TENT
 []

[180] [181] [182] [183]
Overfull \hbox (0.50053pt too wide) in paragraph at lines 190--191
[]\OT1/cmr/m/n/10 Korolev re-mem-bered the pa-thetic flurry of strange Amer-i-c
an en-ergy schemes
 []

[184] [185] [186] [187] [188]
Overfull \hbox (3.6025pt too wide) in paragraph at lines 362--363
[]\OT1/cmr/m/n/10 `Outside, Colonel.' Yefre-mov grabbed Ko-rolev's arthritic ha
nd and squeezed.
 []

[189] [190]) [191]
\openout2 = `mozart_in_mirrorshades.aux'.

 (mozart_in_mirrorshades.tex [192




] [193] [194] [195] [196]
[197] [198] [199] [200] [201] [202] [203]) [204]
\openout2 = `freezone_(original).aux'.

 (freezone_(original).tex
[205




] [206] [207] [208]
Overfull \hbox (4.30608pt too wide) in paragraph at lines 106--107
[]\OT1/cmr/m/n/10 And he could imag-ine the sweet burn of the stuff in his nos-
trils, the backward-
 []

[209] [210] [211] [212] [213] [214] [215] [216] [217] [218] [219]
Overfull \hbox (3.65805pt too wide) in paragraph at lines 394--395
\OT1/cmr/m/n/10 could af-ford the trip. The tourists were mostly Japanese, Cana
-dian, Brazilians---
 []

[220] [221] [222] [223] [224]
Overfull \hbox (4.44022pt too wide) in paragraph at lines 518--519
\OT1/cmr/m/it/10 Fuck...you...if...you...don't...like...it...Fuck...you...if\OT
1/cmr/m/n/10 ---and they'd have
 []

[225] [226] [227] [228] [229]) [230]
\tf@toc=\write4
\openout4 = `main.toc'.

 (main.aux (acknowledgements.aux)
(preface.aux) (the_gernsbach_continuum.aux) (snake-eyes.aux) (rock_on.aux)
(tales_of_houdini.aux) (400_boys.aux) (solstice.aux) (petra.aux)
(till_human_voices_wake_us.aux) (freezone.aux) (stone_lives.aux)
(red_star_winter_orbit.aux) (mozart_in_mirrorshades.aux)
(freezone_(original).aux)) ) 
Here is how much of TeX's memory you used:
 4747 strings out of 478338
 78781 string characters out of 2835755
 413928 words of memory out of 3000000
 23103 multiletter control sequences out of 15000+600000
 475758 words of font info for 49 fonts, out of 8000000 for 9000
 1141 hyphenation exceptions out of 8191
 45i,12n,49p,1978b,254s stack positions out of 10000i,1000n,20000p,200000b,80000s
 <C:\Users\Gamer99\AppData\Local\MiKTeX\fonts/pk/lj
four/jknappen/ec/dpi600\tcrm1000.pk><C:/Users/Gamer99/AppData/Local/Programs/Mi
KTeX/fonts/type1/public/amsfonts/cm/cmbx10.pfb><C:/Users/Gamer99/AppData/Local/
Programs/MiKTeX/fonts/type1/public/amsfonts/cm/cmbx12.pfb><C:/Users/Gamer99/App
Data/Local/Programs/MiKTeX/fonts/type1/public/amsfonts/cm/cmcsc10.pfb><C:/Users
/Gamer99/AppData/Local/Programs/MiKTeX/fonts/type1/public/amsfonts/cm/cmr10.pfb
><C:/Users/Gamer99/AppData/Local/Programs/MiKTeX/fonts/type1/public/amsfonts/cm
/cmr12.pfb><C:/Users/Gamer99/AppData/Local/Programs/MiKTeX/fonts/type1/public/a
msfonts/cm/cmsl10.pfb><C:/Users/Gamer99/AppData/Local/Programs/MiKTeX/fonts/typ
e1/public/amsfonts/cm/cmti10.pfb>
Output written on main.pdf (242 pages, 855177 bytes).
PDF statistics:
 819 PDF objects out of 1000 (max. 8388607)
 0 named destinations out of 1000 (max. 500000)
 1 words of extra memory for PDF output out of 10000 (max. 10000000)

